<?xml version="1.0" encoding="UTF-8"?>
<!-- Generated by org.testng.reporters.JUnitXMLReporter -->
<testsuite ignored="0" hostname="DESKTOP-C1TU1OE" failures="0" tests="4" name="Default test" time="29.009" errors="0" timestamp="2023-02-13T17:23:53 IST">
  <testcase classname="com.vcentry.lab.testcases.LoginTest" name="validateLoginTest" time="8.901"/>
  <testcase classname="com.vcentry.lab.testcases.LoginTest" name="validateLoginTest" time="5.56"/>
  <testcase classname="com.vcentry.lab.testcases.LoginTest" name="validateLoginTest" time="5.91"/>
  <testcase classname="com.vcentry.lab.testcases.LoginTest" name="validateLoginTest" time="7.69"/>
</testsuite> <!-- Default test -->
