<?xml version="1.0" encoding="UTF-8"?>
<testng-results ignored="0" total="4" passed="4" failed="0" skipped="0">
  <reporter-output>
  </reporter-output>
  <suite started-at="2023-02-13T17:23:24 IST" name="Default suite" finished-at="2023-02-13T17:23:53 IST" duration-ms="29009">
    <groups>
    </groups>
    <test started-at="2023-02-13T17:23:24 IST" name="Default test" finished-at="2023-02-13T17:23:53 IST" duration-ms="29009">
      <class name="com.vcentry.lab.testcases.LoginTest">
        <test-method signature="validateLoginTest(java.lang.String,java.lang.String)[pri:0, instance:com.vcentry.lab.testcases.LoginTest@a530d0a]" started-at="2023-02-13T17:23:25 IST" name="validateLoginTest" data-provider="test data" finished-at="2023-02-13T17:23:34 IST" duration-ms="8901" status="PASS">
          <params>
            <param index="0">
              <value>
                <![CDATA[Akshayaachu]]>
              </value>
            </param>
            <param index="1">
              <value>
                <![CDATA[Aswin@1a]]>
              </value>
            </param>
          </params>
          <reporter-output>
          </reporter-output>
        </test-method> <!-- validateLoginTest -->
        <test-method signature="validateLoginTest(java.lang.String,java.lang.String)[pri:0, instance:com.vcentry.lab.testcases.LoginTest@a530d0a]" started-at="2023-02-13T17:23:34 IST" name="validateLoginTest" data-provider="test data" finished-at="2023-02-13T17:23:40 IST" duration-ms="5560" status="PASS">
          <params>
            <param index="0">
              <value>
                <![CDATA[Akshaya]]>
              </value>
            </param>
            <param index="1">
              <value>
                <![CDATA[Aswin]]>
              </value>
            </param>
          </params>
          <reporter-output>
          </reporter-output>
        </test-method> <!-- validateLoginTest -->
        <test-method signature="validateLoginTest(java.lang.String,java.lang.String)[pri:0, instance:com.vcentry.lab.testcases.LoginTest@a530d0a]" started-at="2023-02-13T17:23:40 IST" name="validateLoginTest" data-provider="test data" finished-at="2023-02-13T17:23:46 IST" duration-ms="5910" status="PASS">
          <params>
            <param index="0">
              <value>
                <![CDATA[Akshaya]]>
              </value>
            </param>
            <param index="1">
              <value>
                <![CDATA[Aswin@1a]]>
              </value>
            </param>
          </params>
          <reporter-output>
          </reporter-output>
        </test-method> <!-- validateLoginTest -->
        <test-method signature="validateLoginTest(java.lang.String,java.lang.String)[pri:0, instance:com.vcentry.lab.testcases.LoginTest@a530d0a]" started-at="2023-02-13T17:23:46 IST" name="validateLoginTest" data-provider="test data" finished-at="2023-02-13T17:23:53 IST" duration-ms="7690" status="PASS">
          <params>
            <param index="0">
              <value>
                <![CDATA[Akshayaachu]]>
              </value>
            </param>
            <param index="1">
              <value>
                <![CDATA[Aswin]]>
              </value>
            </param>
          </params>
          <reporter-output>
          </reporter-output>
        </test-method> <!-- validateLoginTest -->
      </class> <!-- com.vcentry.lab.testcases.LoginTest -->
    </test> <!-- Default test -->
  </suite> <!-- Default suite -->
</testng-results>
